{
  "RSpec": {
    "coverage": {
      "/Users/apprentice/Desktop/Online_Shoppe/refactored-enigma/app/helpers/application_helper.rb": [
        1,
        null
      ],
      "/Users/apprentice/Desktop/Online_Shoppe/refactored-enigma/app/helpers/category_helper.rb": [
        1,
        null
      ],
      "/Users/apprentice/Desktop/Online_Shoppe/refactored-enigma/app/helpers/items_helper.rb": [
        1,
        null
      ],
      "/Users/apprentice/Desktop/Online_Shoppe/refactored-enigma/app/helpers/sessions_helper.rb": [
        1,
        null
      ],
      "/Users/apprentice/Desktop/Online_Shoppe/refactored-enigma/app/helpers/shopping_carts_helper.rb": [
        1,
        null
      ],
      "/Users/apprentice/Desktop/Online_Shoppe/refactored-enigma/app/helpers/users_helper.rb": [
        1,
        1,
        4,
        null,
        null,
        1,
        4,
        null,
        null,
        1,
        2,
        2,
        null,
        0,
        null,
        2,
        null,
        null,
        1,
        0,
        0,
        null,
        0,
        null,
        null
      ],
      "/Users/apprentice/Desktop/Online_Shoppe/refactored-enigma/app/controllers/items_controller.rb": [
        1,
        null,
        1,
        1,
        null,
        1,
        1,
        null,
        null,
        1,
        0,
        null,
        null,
        1,
        0,
        null,
        null,
        1,
        0,
        null,
        null,
        1,
        0,
        0,
        0,
        null,
        0,
        null,
        null,
        null,
        1,
        0,
        0,
        0,
        null,
        0,
        null,
        null,
        null,
        1,
        0,
        0,
        0,
        null,
        null,
        1,
        1,
        0,
        null,
        null
      ],
      "/Users/apprentice/Desktop/Online_Shoppe/refactored-enigma/app/controllers/application_controller.rb": [
        1,
        null,
        null,
        1,
        null
      ],
      "/Users/apprentice/Desktop/Online_Shoppe/refactored-enigma/spec/controllers/users_controller_spec.rb": [
        1,
        null,
        1,
        null,
        null,
        null,
        null,
        null,
        null,
        null,
        null,
        null,
        null,
        null,
        null,
        null,
        null,
        null,
        null,
        null,
        null,
        null,
        1,
        1,
        1,
        null,
        null,
        1,
        null,
        1,
        1,
        1,
        2,
        null,
        null,
        1,
        1,
        null,
        null,
        1,
        null,
        1,
        1,
        1,
        2,
        null,
        null,
        null,
        null
      ],
      "/Users/apprentice/Desktop/Online_Shoppe/refactored-enigma/app/controllers/users_controller.rb": [
        1,
        null,
        1,
        1,
        null,
        1,
        0,
        0,
        null,
        null,
        1,
        0,
        null,
        null,
        1,
        0,
        null,
        null,
        1,
        0,
        0,
        null,
        null,
        1,
        2,
        2,
        2,
        1,
        1,
        null,
        1,
        null,
        null,
        null,
        1,
        0,
        0,
        0,
        0,
        null,
        0,
        null,
        null,
        null,
        1,
        0,
        0,
        0,
        0,
        null,
        null,
        1,
        0,
        0,
        0,
        0,
        null,
        null,
        1,
        0,
        0,
        0,
        0,
        null,
        null,
        1,
        1,
        2,
        null,
        null
      ],
      "/Users/apprentice/Desktop/Online_Shoppe/refactored-enigma/spec/models/item_spec.rb": [
        1,
        null,
        1,
        2,
        null,
        null,
        null,
        null,
        2,
        null,
        null,
        null,
        null,
        2,
        null,
        null,
        null,
        null,
        2,
        null,
        null,
        null,
        null,
        2,
        null,
        null,
        null,
        null,
        null,
        2,
        null,
        null,
        null,
        null,
        2,
        null,
        null,
        null,
        null,
        null,
        3,
        null,
        null,
        null,
        null,
        null,
        1,
        1,
        1,
        1,
        1,
        null,
        1,
        1,
        1,
        null,
        1,
        1,
        1,
        null,
        1,
        1,
        1,
        null,
        1,
        1,
        1,
        null,
        1,
        1,
        1,
        null,
        1,
        1,
        1,
        null,
        null,
        1,
        1,
        4,
        null,
        1,
        1,
        1,
        null,
        null,
        null,
        null,
        null
      ],
      "/Users/apprentice/Desktop/Online_Shoppe/refactored-enigma/app/models/item.rb": [
        1,
        1,
        1,
        null,
        1,
        1,
        1,
        1,
        1,
        1,
        null,
        1,
        0,
        null,
        null
      ],
      "/Users/apprentice/Desktop/Online_Shoppe/refactored-enigma/spec/models/user_spec.rb": [
        1,
        null,
        1,
        2,
        null,
        null,
        null,
        2,
        null,
        null,
        2,
        null,
        null,
        2,
        null,
        null,
        2,
        null,
        null,
        null,
        null,
        1,
        1,
        1,
        1,
        1,
        null,
        1,
        1,
        1,
        null,
        1,
        1,
        1,
        null,
        1,
        1,
        1,
        null,
        null,
        1,
        1,
        4,
        null,
        null,
        null,
        null,
        null
      ],
      "/Users/apprentice/Desktop/Online_Shoppe/refactored-enigma/app/models/user.rb": [
        1,
        1,
        1,
        1,
        null,
        1,
        null,
        1,
        1,
        1,
        1,
        null,
        1,
        0,
        null,
        null,
        1,
        null,
        1,
        2,
        null,
        null
      ]
    },
    "timestamp": 1453501570
  }
}
